{
    "FunctionName": "hello-cli",
    "FunctionArn": "arn:aws:lambda:sa-east-1:020576020555:function:hello-cli:1",
    "Runtime": "nodejs12.x",
    "Role": "arn:aws:iam::020576020555:role/lambda-exemplo",
    "Handler": "index.handler",
    "CodeSize": 329,
    "Description": "",
    "Timeout": 3,
    "MemorySize": 128,
    "LastModified": "2021-07-01T13:19:31.013+0000",
    "CodeSha256": "LfA8j7/ZJ+YFJ2v/wLVAPmkYDoflAAcSz1OsQvIjSYM=",
    "Version": "1",
    "TracingConfig": {
        "Mode": "PassThrough"
    },
    "RevisionId": "5a01a89d-ccda-4717-b83a-b9663db3f27c",
    "State": "Active",
    "LastUpdateStatus": "Successful",
    "PackageType": "Zip"
}
